e:\special_projects\can_hs-ls_gw\40_software\windows\cananalyzer\cananalyzer\debug\cananalyzer.cantrace.resources
e:\special_projects\can_hs-ls_gw\40_software\windows\cananalyzer\cananalyzer\debug\cananalyzer.settingsform.resources
e:\special_projects\can_hs-ls_gw\40_software\windows\cananalyzer\cananalyzer\debug\vc120.pdb
e:\special_projects\can_hs-ls_gw\40_software\windows\cananalyzer\cananalyzer\debug\usb_com.obj
e:\special_projects\can_hs-ls_gw\40_software\windows\cananalyzer\cananalyzer\debug\settingsform.obj
e:\special_projects\can_hs-ls_gw\40_software\windows\cananalyzer\cananalyzer\debug\main.obj
e:\special_projects\can_hs-ls_gw\40_software\windows\cananalyzer\cananalyzer\debug\flickerfreelistview.obj
e:\special_projects\can_hs-ls_gw\40_software\windows\cananalyzer\cananalyzer\debug\can_dbc.obj
e:\special_projects\can_hs-ls_gw\40_software\windows\cananalyzer\cananalyzer\debug\cantrace.obj
e:\special_projects\can_hs-ls_gw\40_software\windows\cananalyzer\cananalyzer\debug\.netframework,version=v4.5.1.assemblyattributes.obj
e:\special_projects\can_hs-ls_gw\40_software\windows\cananalyzer\debug\cananalyzer.exe
e:\special_projects\can_hs-ls_gw\40_software\windows\cananalyzer\debug\cananalyzer.pdb
e:\special_projects\can_hs-ls_gw\40_software\windows\cananalyzer\cananalyzer\debug\cananalyzer.res
e:\special_projects\can_hs-ls_gw\40_software\windows\cananalyzer\cananalyzer\debug\cananalyzer.vcxproj.generateresource.cache
e:\special_projects\can_hs-ls_gw\40_software\windows\cananalyzer\cananalyzer\debug\cananalyzer.tlog\cananalyzer.write.1u.tlog
e:\special_projects\can_hs-ls_gw\40_software\windows\cananalyzer\cananalyzer\debug\cananalyzer.tlog\cl.command.1.tlog
e:\special_projects\can_hs-ls_gw\40_software\windows\cananalyzer\cananalyzer\debug\cananalyzer.tlog\cl.read.1.tlog
e:\special_projects\can_hs-ls_gw\40_software\windows\cananalyzer\cananalyzer\debug\cananalyzer.tlog\cl.write.1.tlog
e:\special_projects\can_hs-ls_gw\40_software\windows\cananalyzer\cananalyzer\debug\cananalyzer.tlog\link.command.1.tlog
e:\special_projects\can_hs-ls_gw\40_software\windows\cananalyzer\cananalyzer\debug\cananalyzer.tlog\link.read.1.tlog
e:\special_projects\can_hs-ls_gw\40_software\windows\cananalyzer\cananalyzer\debug\cananalyzer.tlog\link.write.1.tlog
e:\special_projects\can_hs-ls_gw\40_software\windows\cananalyzer\cananalyzer\debug\cananalyzer.tlog\metagen.read.1.tlog
e:\special_projects\can_hs-ls_gw\40_software\windows\cananalyzer\cananalyzer\debug\cananalyzer.tlog\metagen.write.1.tlog
e:\special_projects\can_hs-ls_gw\40_software\windows\cananalyzer\cananalyzer\debug\cananalyzer.tlog\rc.command.1.tlog
e:\special_projects\can_hs-ls_gw\40_software\windows\cananalyzer\cananalyzer\debug\cananalyzer.tlog\rc.read.1.tlog
e:\special_projects\can_hs-ls_gw\40_software\windows\cananalyzer\cananalyzer\debug\cananalyzer.tlog\rc.write.1.tlog
e:\special_projects\can_hs-ls_gw\40_software\windows\cananalyzer\cananalyzer\debug\cananalyzer.tlog\rsaenh.dll.bi
e:\special_projects\can_hs-ls_gw\40_software\windows\cananalyzer\cananalyzer\debug\cananalyzer.tlog\tzres.dll.bi
