Build started 20.06.2015 15:26:57.
     1>Project "E:\Special_Projects\CAN_HS-LS_GW\40_Software\Windows\CANAnalyzer\CANAnalyzer\CANAnalyzer.vcxproj" on node 2 (Build target(s)).
     1>ClCompile:
         C:\Program Files (x86)\Microsoft Visual Studio 12.0\VC\bin\CL.exe /c /AI"C:\Program Files (x86)\Reference Assemblies\Microsoft\Framework\.NETFramework\v4.5.1\\" /AI"C:\Program Files (x86)\Windows Kits\8.1\References\CommonConfiguration\Neutral" /AI"C:\Program Files (x86)\Reference Assemblies\Microsoft\Framework\.NETFramework\v4.5.1\Facades\\" /Zi /clr /nologo /W3 /WX- /Od /Oy- /D WIN32 /D _DEBUG /D _XKEYCHECK_H /D _UNICODE /D UNICODE /EHa /MDd /GS /fp:precise /Zc:wchar_t /Zc:forScope /Fo"Debug\\" /Fd"Debug\vc120.pdb" /TP /FU"C:\Program Files (x86)\Reference Assemblies\Microsoft\Framework\.NETFramework\v4.5.1\mscorlib.dll" /FU"C:\Program Files (x86)\Reference Assemblies\Microsoft\Framework\.NETFramework\v4.5.1\System.Data.dll" /FU"C:\Program Files (x86)\Reference Assemblies\Microsoft\Framework\.NETFramework\v4.5.1\System.dll" /FU"C:\Program Files (x86)\Reference Assemblies\Microsoft\Framework\.NETFramework\v4.5.1\System.Drawing.dll" /FU"C:\Program Files (x86)\Reference Assemblies\Microsoft\Framework\.NETFramework\v4.5.1\System.Windows.Forms.dll" /FU"C:\Program Files (x86)\Reference Assemblies\Microsoft\Framework\.NETFramework\v4.5.1\System.Xml.dll" /analyze- /errorReport:prompt /clr:nostdlib CANTrace.cpp CAN_DBC.cpp FlickerFreeListView.cpp main.cpp SettingsForm.cpp USB_Com.cpp
         CANTrace.cpp
     1>e:\special_projects\can_hs-ls_gw\40_software\windows\cananalyzer\cananalyzer\libusb.h(939): warning C4200: nonstandard extension used : zero-sized array in struct/union
                 Cannot generate copy-ctor or copy-assignment operator when UDT contains a zero-sized array
     1>e:\special_projects\can_hs-ls_gw\40_software\windows\cananalyzer\cananalyzer\FlickerFreeListView.h(31): warning C4490: 'override' : incorrect use of override specifier; 'CANAnalyzer::FlickerFreeListView::OnNotifyMessage' does not match a base ref class method
                 'new' or 'override' are only allowed when a matching base method from a ref class exists
         CAN_DBC.cpp
     1>CAN_DBC.cpp(46): warning C4101: 'e' : unreferenced local variable
         FlickerFreeListView.cpp
     1>e:\special_projects\can_hs-ls_gw\40_software\windows\cananalyzer\cananalyzer\FlickerFreeListView.h(31): warning C4490: 'override' : incorrect use of override specifier; 'CANAnalyzer::FlickerFreeListView::OnNotifyMessage' does not match a base ref class method
                 'new' or 'override' are only allowed when a matching base method from a ref class exists
         main.cpp
     1>e:\special_projects\can_hs-ls_gw\40_software\windows\cananalyzer\cananalyzer\libusb.h(939): warning C4200: nonstandard extension used : zero-sized array in struct/union
                 Cannot generate copy-ctor or copy-assignment operator when UDT contains a zero-sized array
     1>e:\special_projects\can_hs-ls_gw\40_software\windows\cananalyzer\cananalyzer\FlickerFreeListView.h(31): warning C4490: 'override' : incorrect use of override specifier; 'CANAnalyzer::FlickerFreeListView::OnNotifyMessage' does not match a base ref class method
                 'new' or 'override' are only allowed when a matching base method from a ref class exists
         SettingsForm.cpp
         USB_Com.cpp
     1>e:\special_projects\can_hs-ls_gw\40_software\windows\cananalyzer\cananalyzer\libusb.h(939): warning C4200: nonstandard extension used : zero-sized array in struct/union
                 Cannot generate copy-ctor or copy-assignment operator when UDT contains a zero-sized array
     1>e:\special_projects\can_hs-ls_gw\40_software\windows\cananalyzer\cananalyzer\FlickerFreeListView.h(31): warning C4490: 'override' : incorrect use of override specifier; 'CANAnalyzer::FlickerFreeListView::OnNotifyMessage' does not match a base ref class method
                 'new' or 'override' are only allowed when a matching base method from a ref class exists
     1>USB_Com.cpp(23): warning C4101: 'buffer' : unreferenced local variable
     1>USB_Com.cpp(167): warning C4996: 'sprintf': This function or variable may be unsafe. Consider using sprintf_s instead. To disable deprecation, use _CRT_SECURE_NO_WARNINGS. See online help for details.
                 C:\Program Files (x86)\Microsoft Visual Studio 12.0\VC\include\stdio.h(356) : see declaration of 'sprintf'
     1>USB_Com.cpp(209): warning C4101: 'cnt' : unreferenced local variable
     1>USB_Com.cpp(212): warning C4101: 'received_CAN_Id' : unreferenced local variable
     1>USB_Com.cpp(210): warning C4101: 'buffer' : unreferenced local variable
         Generating Code...
         C:\Program Files (x86)\Microsoft Visual Studio 12.0\VC\bin\CL.exe /c /Zi /clr /nologo /W3 /WX- /Od /Oy- /D WIN32 /D _DEBUG /D _XKEYCHECK_H /D _UNICODE /D UNICODE /EHa /MDd /GS /fp:precise /Zc:wchar_t /Zc:forScope /Fo"Debug\\" /Fd"Debug\vc120.pdb" /TP /analyze- /errorReport:prompt "C:\Users\Abhijeet\AppData\Local\Temp\.NETFramework,Version=v4.5.1.AssemblyAttributes.cpp"
         .NETFramework,Version=v4.5.1.AssemblyAttributes.cpp
       ResourceCompile:
         C:\Program Files (x86)\Windows Kits\8.1\bin\x86\rc.exe /D _UNICODE /D UNICODE /l"0x0409" /nologo /fo"Debug\CANAnalyzer.res" CANAnalyzer.rc 
       Link:
         C:\Program Files (x86)\Microsoft Visual Studio 12.0\VC\bin\link.exe /ERRORREPORT:PROMPT /OUT:"E:\Special_Projects\CAN_HS-LS_GW\40_Software\Windows\CANAnalyzer\Debug\CANAnalyzer.exe" /INCREMENTAL /NOLOGO "E:\Software\Libusb\libusb-1.0.lib" kernel32.lib user32.lib gdi32.lib winspool.lib comdlg32.lib advapi32.lib shell32.lib ole32.lib oleaut32.lib uuid.lib odbc32.lib odbccp32.lib /ASSEMBLYRESOURCE:Debug\CANAnalyzer.CANTrace.resources /ASSEMBLYRESOURCE:Debug\CANAnalyzer.SettingsForm.resources /MANIFEST /MANIFESTUAC:"level='asInvoker' uiAccess='false'" /manifest:embed /DEBUG /PDB:"E:\Special_Projects\CAN_HS-LS_GW\40_Software\Windows\CANAnalyzer\Debug\CANAnalyzer.pdb" /ASSEMBLYDEBUG /SUBSYSTEM:WINDOWS /TLBID:1 /ENTRY:"main" /DYNAMICBASE /FIXED:NO /NXCOMPAT /MACHINE:X86 Debug\CANAnalyzer.res
         Debug\CANTrace.obj
         Debug\CAN_DBC.obj
         Debug\FlickerFreeListView.obj
         Debug\main.obj
         Debug\SettingsForm.obj
         Debug\USB_Com.obj
         "Debug\.NETFramework,Version=v4.5.1.AssemblyAttributes.obj"
     1>USB_Com.obj : warning LNK4248: unresolved typeref token (0100003D) for 'libusb_device'; image may not run
     1>USB_Com.obj : warning LNK4248: unresolved typeref token (01000040) for 'libusb_context'; image may not run
     1>USB_Com.obj : warning LNK4248: unresolved typeref token (01000045) for 'libusb_device_handle'; image may not run
     1>libusb-1.0.lib(core.obj) : warning LNK4099: PDB 'vc120.pdb' was not found with 'libusb-1.0.lib(core.obj)' or at 'E:\Special_Projects\CAN_HS-LS_GW\40_Software\Windows\CANAnalyzer\Debug\vc120.pdb'; linking object as if no debug info
     1>libusb-1.0.lib(descriptor.obj) : warning LNK4099: PDB 'vc120.pdb' was not found with 'libusb-1.0.lib(descriptor.obj)' or at 'E:\Special_Projects\CAN_HS-LS_GW\40_Software\Windows\CANAnalyzer\Debug\vc120.pdb'; linking object as if no debug info
     1>libusb-1.0.lib(hotplug.obj) : warning LNK4099: PDB 'vc120.pdb' was not found with 'libusb-1.0.lib(hotplug.obj)' or at 'E:\Special_Projects\CAN_HS-LS_GW\40_Software\Windows\CANAnalyzer\Debug\vc120.pdb'; linking object as if no debug info
     1>libusb-1.0.lib(io.obj) : warning LNK4099: PDB 'vc120.pdb' was not found with 'libusb-1.0.lib(io.obj)' or at 'E:\Special_Projects\CAN_HS-LS_GW\40_Software\Windows\CANAnalyzer\Debug\vc120.pdb'; linking object as if no debug info
     1>libusb-1.0.lib(poll_windows.obj) : warning LNK4099: PDB 'vc120.pdb' was not found with 'libusb-1.0.lib(poll_windows.obj)' or at 'E:\Special_Projects\CAN_HS-LS_GW\40_Software\Windows\CANAnalyzer\Debug\vc120.pdb'; linking object as if no debug info
     1>libusb-1.0.lib(sync.obj) : warning LNK4099: PDB 'vc120.pdb' was not found with 'libusb-1.0.lib(sync.obj)' or at 'E:\Special_Projects\CAN_HS-LS_GW\40_Software\Windows\CANAnalyzer\Debug\vc120.pdb'; linking object as if no debug info
     1>libusb-1.0.lib(threads_windows.obj) : warning LNK4099: PDB 'vc120.pdb' was not found with 'libusb-1.0.lib(threads_windows.obj)' or at 'E:\Special_Projects\CAN_HS-LS_GW\40_Software\Windows\CANAnalyzer\Debug\vc120.pdb'; linking object as if no debug info
     1>libusb-1.0.lib(windows_usb.obj) : warning LNK4099: PDB 'vc120.pdb' was not found with 'libusb-1.0.lib(windows_usb.obj)' or at 'E:\Special_Projects\CAN_HS-LS_GW\40_Software\Windows\CANAnalyzer\Debug\vc120.pdb'; linking object as if no debug info
         CANAnalyzer.vcxproj -> E:\Special_Projects\CAN_HS-LS_GW\40_Software\Windows\CANAnalyzer\Debug\CANAnalyzer.exe
     1>Done Building Project "E:\Special_Projects\CAN_HS-LS_GW\40_Software\Windows\CANAnalyzer\CANAnalyzer\CANAnalyzer.vcxproj" (Build target(s)).

Build succeeded.

Time Elapsed 00:00:05.39
