22:37:55 **** Incremental Build of configuration Debug for project Lib_MCU ****
make -r all 
make: Nothing to be done for `all'.
22:37:55 **** Incremental Build of configuration Debug for project Lib_Board ****
make -r all 
make: Nothing to be done for `all'.
22:37:57 **** Incremental Build of configuration Debug for project CAN ****
make -r all 
make: Nothing to be done for `all'.
22:38:31 **** Incremental Build of configuration Debug for project CAN ****
make -r all 
make: Nothing to be done for `all'.
22:39:39 **** Incremental Build of configuration Debug for project CAN ****
make -r all 
make: Nothing to be done for `all'.
22:41:06 **** Incremental Build of configuration Debug for project CAN ****
make -r all 
make: Nothing to be done for `all'.
01:39:45 **** Incremental Build of configuration Debug for project CAN ****
make -r all 
make: Nothing to be done for `all'.
